<?xml version="1.0" encoding="UTF-8"?>
<coverage generated="1642261619113" clover="3.2.0">
  <project timestamp="1642261619113" name="All files">
    <metrics statements="76" coveredstatements="64" conditionals="18" coveredconditionals="9" methods="29" coveredmethods="26" elements="123" coveredelements="99" complexity="0" loc="76" ncloc="76" packages="6" files="10" classes="10"/>
    <package name="components">
      <metrics statements="19" coveredstatements="16" conditionals="10" coveredconditionals="6" methods="6" coveredmethods="5"/>
      <file name="Node.tsx" path="/home/branca-loren/Documentos/Projects/toy-blocks-client-react/src/components/Node.tsx">
        <metrics statements="19" coveredstatements="16" conditionals="10" coveredconditionals="6" methods="6" coveredmethods="5"/>
        <line num="24" count="1" type="stmt"/>
        <line num="33" count="1" type="stmt"/>
        <line num="43" count="1" type="stmt"/>
        <line num="52" count="1" type="stmt"/>
        <line num="59" count="4" type="stmt"/>
        <line num="65" count="4" type="stmt"/>
        <line num="72" count="1" type="stmt"/>
        <line num="74" count="1" type="stmt"/>
        <line num="81" count="1" type="stmt"/>
        <line num="88" count="1" type="stmt"/>
        <line num="95" count="4" type="cond" truecount="1" falsecount="1"/>
        <line num="96" count="4" type="cond" truecount="3" falsecount="1"/>
        <line num="97" count="0" type="stmt"/>
        <line num="99" count="4" type="cond" truecount="1" falsecount="1"/>
        <line num="100" count="4" type="stmt"/>
        <line num="103" count="4" type="stmt"/>
        <line num="113" count="0" type="stmt"/>
        <line num="116" count="4" type="stmt"/>
        <line num="120" count="0" type="stmt"/>
      </file>
    </package>
    <package name="constants">
      <metrics statements="1" coveredstatements="1" conditionals="0" coveredconditionals="0" methods="0" coveredmethods="0"/>
      <file name="colors.js" path="/home/branca-loren/Documentos/Projects/toy-blocks-client-react/src/constants/colors.js">
        <metrics statements="1" coveredstatements="1" conditionals="0" coveredconditionals="0" methods="0" coveredmethods="0"/>
        <line num="1" count="1" type="stmt"/>
      </file>
    </package>
    <package name="containers">
      <metrics statements="15" coveredstatements="9" conditionals="2" coveredconditionals="0" methods="4" coveredmethods="3"/>
      <file name="Nodes.tsx" path="/home/branca-loren/Documentos/Projects/toy-blocks-client-react/src/containers/Nodes.tsx">
        <metrics statements="15" coveredstatements="9" conditionals="2" coveredconditionals="0" methods="4" coveredmethods="3"/>
        <line num="10" count="1" type="stmt"/>
        <line num="11" count="3" type="stmt"/>
        <line num="12" count="2" type="stmt"/>
        <line num="13" count="2" type="stmt"/>
        <line num="14" count="2" type="stmt"/>
        <line num="16" count="2" type="stmt"/>
        <line num="17" count="1" type="stmt"/>
        <line num="22" count="0" type="stmt"/>
        <line num="24" count="0" type="cond" truecount="0" falsecount="2"/>
        <line num="25" count="0" type="stmt"/>
        <line num="26" count="0" type="stmt"/>
        <line num="28" count="0" type="stmt"/>
        <line num="29" count="0" type="stmt"/>
        <line num="32" count="2" type="stmt"/>
        <line num="38" count="4" type="stmt"/>
      </file>
    </package>
    <package name="reducers">
      <metrics statements="39" coveredstatements="36" conditionals="6" coveredconditionals="3" methods="19" coveredmethods="18"/>
      <file name="blocks.ts" path="/home/branca-loren/Documentos/Projects/toy-blocks-client-react/src/reducers/blocks.ts">
        <metrics statements="13" coveredstatements="10" conditionals="0" coveredconditionals="0" methods="6" coveredmethods="5"/>
        <line num="11" count="2" type="stmt"/>
        <line num="13" count="2" type="stmt"/>
        <line num="16" count="0" type="stmt"/>
        <line num="17" count="0" type="stmt"/>
        <line num="18" count="0" type="stmt"/>
        <line num="22" count="2" type="stmt"/>
        <line num="27" count="2" type="stmt"/>
        <line num="28" count="1" type="stmt"/>
        <line num="30" count="2" type="stmt"/>
        <line num="31" count="1" type="stmt"/>
        <line num="33" count="2" type="stmt"/>
        <line num="34" count="1" type="stmt"/>
        <line num="39" count="2" type="stmt"/>
      </file>
      <file name="initialState.ts" path="/home/branca-loren/Documentos/Projects/toy-blocks-client-react/src/reducers/initialState.ts">
        <metrics statements="1" coveredstatements="1" conditionals="0" coveredconditionals="0" methods="1" coveredmethods="1"/>
        <line num="1" count="4" type="stmt"/>
      </file>
      <file name="initialStateBlocks.ts" path="/home/branca-loren/Documentos/Projects/toy-blocks-client-react/src/reducers/initialStateBlocks.ts">
        <metrics statements="1" coveredstatements="1" conditionals="0" coveredconditionals="0" methods="1" coveredmethods="1"/>
        <line num="1" count="3" type="stmt"/>
      </file>
      <file name="nodes.ts" path="/home/branca-loren/Documentos/Projects/toy-blocks-client-react/src/reducers/nodes.ts">
        <metrics statements="24" coveredstatements="24" conditionals="6" coveredconditionals="3" methods="11" coveredmethods="11"/>
        <line num="11" count="3" type="stmt"/>
        <line num="14" count="4" type="stmt"/>
        <line num="15" count="1" type="stmt"/>
        <line num="16" count="1" type="stmt"/>
        <line num="20" count="3" type="stmt"/>
        <line num="23" count="1" type="stmt"/>
        <line num="24" count="1" type="stmt"/>
        <line num="25" count="2" type="stmt"/>
        <line num="30" count="3" type="stmt"/>
        <line num="35" count="3" type="stmt"/>
        <line num="36" count="1" type="stmt"/>
        <line num="37" count="1" type="cond" truecount="1" falsecount="1"/>
        <line num="39" count="3" type="stmt"/>
        <line num="40" count="13" type="stmt"/>
        <line num="41" count="9" type="cond" truecount="1" falsecount="1"/>
        <line num="42" count="9" type="stmt"/>
        <line num="43" count="9" type="stmt"/>
        <line num="44" count="9" type="stmt"/>
        <line num="47" count="3" type="stmt"/>
        <line num="48" count="1" type="stmt"/>
        <line num="49" count="1" type="cond" truecount="1" falsecount="1"/>
        <line num="50" count="1" type="stmt"/>
        <line num="51" count="1" type="stmt"/>
        <line num="57" count="3" type="stmt"/>
      </file>
    </package>
    <package name="store">
      <metrics statements="2" coveredstatements="2" conditionals="0" coveredconditionals="0" methods="0" coveredmethods="0"/>
      <file name="configureStore.ts" path="/home/branca-loren/Documentos/Projects/toy-blocks-client-react/src/store/configureStore.ts">
        <metrics statements="2" coveredstatements="2" conditionals="0" coveredconditionals="0" methods="0" coveredmethods="0"/>
        <line num="6" count="1" type="stmt"/>
        <line num="17" count="1" type="stmt"/>
      </file>
    </package>
    <package name="types">
      <metrics statements="0" coveredstatements="0" conditionals="0" coveredconditionals="0" methods="0" coveredmethods="0"/>
      <file name="Block.ts" path="/home/branca-loren/Documentos/Projects/toy-blocks-client-react/src/types/Block.ts">
        <metrics statements="0" coveredstatements="0" conditionals="0" coveredconditionals="0" methods="0" coveredmethods="0"/>
      </file>
      <file name="Node.ts" path="/home/branca-loren/Documentos/Projects/toy-blocks-client-react/src/types/Node.ts">
        <metrics statements="0" coveredstatements="0" conditionals="0" coveredconditionals="0" methods="0" coveredmethods="0"/>
      </file>
    </package>
  </project>
</coverage>
