{"/home/branca-loren/Documentos/Projects/toy-blocks-client-react/src/components/Node.tsx": {"path":"/home/branca-loren/Documentos/Projects/toy-blocks-client-react/src/components/Node.tsx","statementMap":{"0":{"start":{"line":24,"column":22},"end":{"line":31,"column":2}},"1":{"start":{"line":33,"column":34},"end":{"line":41,"column":2}},"2":{"start":{"line":43,"column":26},"end":{"line":50,"column":2}},"3":{"start":{"line":52,"column":26},"end":{"line":57,"column":2}},"4":{"start":{"line":59,"column":35},"end":{"line":63,"column":3}},"5":{"start":{"line":59,"column":70},"end":{"line":63,"column":1}},"6":{"start":{"line":65,"column":21},"end":{"line":70,"column":3}},"7":{"start":{"line":65,"column":56},"end":{"line":70,"column":1}},"8":{"start":{"line":72,"column":23},"end":{"line":72,"column":45}},"9":{"start":{"line":74,"column":19},"end":{"line":79,"column":2}},"10":{"start":{"line":81,"column":18},"end":{"line":86,"column":2}},"11":{"start":{"line":88,"column":30},"end":{"line":138,"column":1}},"12":{"start":{"line":95,"column":19},"end":{"line":95,"column":44}},"13":{"start":{"line":96,"column":4},"end":{"line":98,"column":5}},"14":{"start":{"line":97,"column":6},"end":{"line":97,"column":47}},"15":{"start":{"line":99,"column":4},"end":{"line":112,"column":5}},"16":{"start":{"line":100,"column":6},"end":{"line":111,"column":8}},"17":{"start":{"line":103,"column":12},"end":{"line":108,"column":14}},"18":{"start":{"line":113,"column":4},"end":{"line":113,"column":42}},"19":{"start":{"line":116,"column":2},"end":{"line":137,"column":4}},"20":{"start":{"line":120,"column":22},"end":{"line":120,"column":46}}},"fnMap":{"0":{"name":"(anonymous_0)","decl":{"start":{"line":59,"column":54},"end":{"line":59,"column":55}},"loc":{"start":{"line":59,"column":70},"end":{"line":63,"column":1}},"line":59},"1":{"name":"(anonymous_1)","decl":{"start":{"line":65,"column":40},"end":{"line":65,"column":41}},"loc":{"start":{"line":65,"column":56},"end":{"line":70,"column":1}},"line":65},"2":{"name":"(anonymous_2)","decl":{"start":{"line":88,"column":30},"end":{"line":88,"column":31}},"loc":{"start":{"line":93,"column":6},"end":{"line":138,"column":1}},"line":93},"3":{"name":"getBlocks","decl":{"start":{"line":94,"column":11},"end":{"line":94,"column":20}},"loc":{"start":{"line":94,"column":23},"end":{"line":114,"column":3}},"line":94},"4":{"name":"(anonymous_4)","decl":{"start":{"line":102,"column":22},"end":{"line":102,"column":23}},"loc":{"start":{"line":102,"column":33},"end":{"line":109,"column":11}},"line":102},"5":{"name":"(anonymous_5)","decl":{"start":{"line":120,"column":16},"end":{"line":120,"column":17}},"loc":{"start":{"line":120,"column":22},"end":{"line":120,"column":46}},"line":120}},"branchMap":{"0":{"loc":{"start":{"line":95,"column":19},"end":{"line":95,"column":44}},"type":"binary-expr","locations":[{"start":{"line":95,"column":19},"end":{"line":95,"column":36}},{"start":{"line":95,"column":40},"end":{"line":95,"column":44}}],"line":95},"1":{"loc":{"start":{"line":96,"column":4},"end":{"line":98,"column":5}},"type":"if","locations":[{"start":{"line":96,"column":4},"end":{"line":98,"column":5}},{"start":{},"end":{}}],"line":96},"2":{"loc":{"start":{"line":96,"column":8},"end":{"line":96,"column":50}},"type":"binary-expr","locations":[{"start":{"line":96,"column":8},"end":{"line":96,"column":28}},{"start":{"line":96,"column":32},"end":{"line":96,"column":50}}],"line":96},"3":{"loc":{"start":{"line":99,"column":4},"end":{"line":112,"column":5}},"type":"if","locations":[{"start":{"line":99,"column":4},"end":{"line":112,"column":5}},{"start":{},"end":{}}],"line":99},"4":{"loc":{"start":{"line":126,"column":15},"end":{"line":126,"column":37}},"type":"binary-expr","locations":[{"start":{"line":126,"column":15},"end":{"line":126,"column":24}},{"start":{"line":126,"column":28},"end":{"line":126,"column":37}}],"line":126}},"s":{"0":1,"1":1,"2":1,"3":1,"4":1,"5":4,"6":1,"7":4,"8":1,"9":1,"10":1,"11":1,"12":4,"13":4,"14":0,"15":4,"16":4,"17":4,"18":0,"19":4,"20":0},"f":{"0":4,"1":4,"2":4,"3":4,"4":4,"5":0},"b":{"0":[4,0],"1":[0,4],"2":[4,4],"3":[4,0],"4":[4,0]},"_coverageSchema":"1a1c01bbd47fc00a2c39e90264f33305004495a9","hash":"0bc9dda1417ac60491e9ec824506416694181324"}
,"/home/branca-loren/Documentos/Projects/toy-blocks-client-react/src/constants/colors.js": {"path":"/home/branca-loren/Documentos/Projects/toy-blocks-client-react/src/constants/colors.js","statementMap":{"0":{"start":{"line":1,"column":15},"end":{"line":13,"column":1}}},"fnMap":{},"branchMap":{},"s":{"0":1},"f":{},"b":{},"_coverageSchema":"1a1c01bbd47fc00a2c39e90264f33305004495a9","hash":"61c7c00b8a74a080aafa76b70ac93069cb4659be"}
,"/home/branca-loren/Documentos/Projects/toy-blocks-client-react/src/containers/Nodes.tsx": {"path":"/home/branca-loren/Documentos/Projects/toy-blocks-client-react/src/containers/Nodes.tsx","statementMap":{"0":{"start":{"line":10,"column":31},"end":{"line":48,"column":1}},"1":{"start":{"line":11,"column":48},"end":{"line":11,"column":77}},"2":{"start":{"line":12,"column":19},"end":{"line":12,"column":32}},"3":{"start":{"line":13,"column":16},"end":{"line":13,"column":43}},"4":{"start":{"line":14,"column":17},"end":{"line":14,"column":45}},"5":{"start":{"line":16,"column":2},"end":{"line":19,"column":9}},"6":{"start":{"line":17,"column":4},"end":{"line":17,"column":38}},"7":{"start":{"line":22,"column":26},"end":{"line":22,"column":54}},"8":{"start":{"line":24,"column":4},"end":{"line":27,"column":5}},"9":{"start":{"line":25,"column":6},"end":{"line":25,"column":31}},"10":{"start":{"line":26,"column":6},"end":{"line":26,"column":13}},"11":{"start":{"line":28,"column":4},"end":{"line":28,"column":34}},"12":{"start":{"line":29,"column":4},"end":{"line":29,"column":33}},"13":{"start":{"line":32,"column":2},"end":{"line":47,"column":4}},"14":{"start":{"line":38,"column":8},"end":{"line":44,"column":10}}},"fnMap":{"0":{"name":"(anonymous_0)","decl":{"start":{"line":10,"column":31},"end":{"line":10,"column":32}},"loc":{"start":{"line":10,"column":37},"end":{"line":48,"column":1}},"line":10},"1":{"name":"(anonymous_1)","decl":{"start":{"line":16,"column":12},"end":{"line":16,"column":13}},"loc":{"start":{"line":16,"column":18},"end":{"line":19,"column":3}},"line":16},"2":{"name":"toggleNodeExpanded","decl":{"start":{"line":21,"column":11},"end":{"line":21,"column":29}},"loc":{"start":{"line":21,"column":46},"end":{"line":30,"column":3}},"line":21},"3":{"name":"(anonymous_3)","decl":{"start":{"line":37,"column":17},"end":{"line":37,"column":18}},"loc":{"start":{"line":38,"column":8},"end":{"line":44,"column":10}},"line":38}},"branchMap":{"0":{"loc":{"start":{"line":24,"column":4},"end":{"line":27,"column":5}},"type":"if","locations":[{"start":{"line":24,"column":4},"end":{"line":27,"column":5}},{"start":{},"end":{}}],"line":24}},"s":{"0":1,"1":3,"2":2,"3":2,"4":2,"5":2,"6":1,"7":0,"8":0,"9":0,"10":0,"11":0,"12":0,"13":2,"14":4},"f":{"0":3,"1":1,"2":0,"3":4},"b":{"0":[0,0]},"_coverageSchema":"1a1c01bbd47fc00a2c39e90264f33305004495a9","hash":"434744e90f50989151349177aa45105e0ebbe6d1"}
,"/home/branca-loren/Documentos/Projects/toy-blocks-client-react/src/reducers/blocks.ts": {"path":"/home/branca-loren/Documentos/Projects/toy-blocks-client-react/src/reducers/blocks.ts","statementMap":{"0":{"start":{"line":11,"column":21},"end":{"line":11,"column":22}},"1":{"start":{"line":13,"column":25},"end":{"line":20,"column":1}},"2":{"start":{"line":16,"column":21},"end":{"line":16,"column":56}},"3":{"start":{"line":17,"column":25},"end":{"line":17,"column":46}},"4":{"start":{"line":18,"column":4},"end":{"line":18,"column":24}},"5":{"start":{"line":22,"column":27},"end":{"line":37,"column":2}},"6":{"start":{"line":27,"column":4},"end":{"line":29,"column":7}},"7":{"start":{"line":28,"column":6},"end":{"line":28,"column":50}},"8":{"start":{"line":30,"column":4},"end":{"line":32,"column":7}},"9":{"start":{"line":31,"column":6},"end":{"line":31,"column":39}},"10":{"start":{"line":33,"column":4},"end":{"line":35,"column":7}},"11":{"start":{"line":34,"column":6},"end":{"line":34,"column":48}},"12":{"start":{"line":39,"column":28},"end":{"line":39,"column":67}},"13":{"start":{"line":39,"column":50},"end":{"line":39,"column":67}}},"fnMap":{"0":{"name":"(anonymous_0)","decl":{"start":{"line":15,"column":2},"end":{"line":15,"column":3}},"loc":{"start":{"line":15,"column":25},"end":{"line":19,"column":3}},"line":15},"1":{"name":"(anonymous_1)","decl":{"start":{"line":26,"column":17},"end":{"line":26,"column":18}},"loc":{"start":{"line":26,"column":30},"end":{"line":36,"column":3}},"line":26},"2":{"name":"(anonymous_2)","decl":{"start":{"line":27,"column":39},"end":{"line":27,"column":40}},"loc":{"start":{"line":27,"column":58},"end":{"line":29,"column":5}},"line":27},"3":{"name":"(anonymous_3)","decl":{"start":{"line":30,"column":41},"end":{"line":30,"column":42}},"loc":{"start":{"line":30,"column":60},"end":{"line":32,"column":5}},"line":30},"4":{"name":"(anonymous_4)","decl":{"start":{"line":33,"column":40},"end":{"line":33,"column":41}},"loc":{"start":{"line":33,"column":59},"end":{"line":35,"column":5}},"line":33},"5":{"name":"(anonymous_5)","decl":{"start":{"line":39,"column":28},"end":{"line":39,"column":29}},"loc":{"start":{"line":39,"column":50},"end":{"line":39,"column":67}},"line":39}},"branchMap":{},"s":{"0":2,"1":2,"2":0,"3":0,"4":0,"5":2,"6":2,"7":1,"8":2,"9":1,"10":2,"11":1,"12":2,"13":2},"f":{"0":0,"1":2,"2":1,"3":1,"4":1,"5":2},"b":{},"_coverageSchema":"1a1c01bbd47fc00a2c39e90264f33305004495a9","hash":"718d915f4218c2a1c933fca348072e44215de25a"}
,"/home/branca-loren/Documentos/Projects/toy-blocks-client-react/src/reducers/initialState.ts": {"path":"/home/branca-loren/Documentos/Projects/toy-blocks-client-react/src/reducers/initialState.ts","statementMap":{"0":{"start":{"line":1,"column":21},"end":{"line":30,"column":2}},"1":{"start":{"line":1,"column":28},"end":{"line":30,"column":1}}},"fnMap":{"0":{"name":"(anonymous_0)","decl":{"start":{"line":1,"column":21},"end":{"line":1,"column":22}},"loc":{"start":{"line":1,"column":28},"end":{"line":30,"column":1}},"line":1}},"branchMap":{},"s":{"0":3,"1":4},"f":{"0":4},"b":{},"_coverageSchema":"1a1c01bbd47fc00a2c39e90264f33305004495a9","hash":"b65b5ccb1695c3cfeb0fe34add9dfa3ab3dd808e"}
,"/home/branca-loren/Documentos/Projects/toy-blocks-client-react/src/reducers/initialStateBlocks.ts": {"path":"/home/branca-loren/Documentos/Projects/toy-blocks-client-react/src/reducers/initialStateBlocks.ts","statementMap":{"0":{"start":{"line":1,"column":27},"end":{"line":18,"column":2}},"1":{"start":{"line":1,"column":34},"end":{"line":18,"column":1}}},"fnMap":{"0":{"name":"(anonymous_0)","decl":{"start":{"line":1,"column":27},"end":{"line":1,"column":28}},"loc":{"start":{"line":1,"column":34},"end":{"line":18,"column":1}},"line":1}},"branchMap":{},"s":{"0":2,"1":3},"f":{"0":3},"b":{},"_coverageSchema":"1a1c01bbd47fc00a2c39e90264f33305004495a9","hash":"1848afa6dbe672d96c99511fb11d85495e78b08b"}
,"/home/branca-loren/Documentos/Projects/toy-blocks-client-react/src/reducers/nodes.ts": {"path":"/home/branca-loren/Documentos/Projects/toy-blocks-client-react/src/reducers/nodes.ts","statementMap":{"0":{"start":{"line":11,"column":31},"end":{"line":18,"column":1}},"1":{"start":{"line":14,"column":21},"end":{"line":14,"column":61}},"2":{"start":{"line":15,"column":40},"end":{"line":15,"column":61}},"3":{"start":{"line":16,"column":4},"end":{"line":16,"column":16}},"4":{"start":{"line":20,"column":32},"end":{"line":28,"column":1}},"5":{"start":{"line":23,"column":25},"end":{"line":23,"column":33}},"6":{"start":{"line":24,"column":4},"end":{"line":26,"column":7}},"7":{"start":{"line":25,"column":6},"end":{"line":25,"column":38}},"8":{"start":{"line":30,"column":26},"end":{"line":55,"column":2}},"9":{"start":{"line":35,"column":4},"end":{"line":38,"column":7}},"10":{"start":{"line":36,"column":19},"end":{"line":36,"column":72}},"11":{"start":{"line":36,"column":42},"end":{"line":36,"column":71}},"12":{"start":{"line":37,"column":6},"end":{"line":37,"column":36}},"13":{"start":{"line":37,"column":16},"end":{"line":37,"column":36}},"14":{"start":{"line":39,"column":4},"end":{"line":46,"column":7}},"15":{"start":{"line":40,"column":19},"end":{"line":40,"column":72}},"16":{"start":{"line":40,"column":42},"end":{"line":40,"column":71}},"17":{"start":{"line":41,"column":6},"end":{"line":45,"column":7}},"18":{"start":{"line":42,"column":8},"end":{"line":42,"column":27}},"19":{"start":{"line":43,"column":8},"end":{"line":43,"column":29}},"20":{"start":{"line":44,"column":8},"end":{"line":44,"column":45}},"21":{"start":{"line":47,"column":4},"end":{"line":53,"column":7}},"22":{"start":{"line":48,"column":19},"end":{"line":48,"column":72}},"23":{"start":{"line":48,"column":42},"end":{"line":48,"column":71}},"24":{"start":{"line":49,"column":6},"end":{"line":52,"column":7}},"25":{"start":{"line":50,"column":8},"end":{"line":50,"column":28}},"26":{"start":{"line":51,"column":8},"end":{"line":51,"column":29}},"27":{"start":{"line":57,"column":27},"end":{"line":57,"column":65}},"28":{"start":{"line":57,"column":49},"end":{"line":57,"column":65}}},"fnMap":{"0":{"name":"(anonymous_0)","decl":{"start":{"line":13,"column":2},"end":{"line":13,"column":3}},"loc":{"start":{"line":13,"column":24},"end":{"line":17,"column":3}},"line":13},"1":{"name":"(anonymous_1)","decl":{"start":{"line":22,"column":2},"end":{"line":22,"column":3}},"loc":{"start":{"line":22,"column":37},"end":{"line":27,"column":3}},"line":22},"2":{"name":"(anonymous_2)","decl":{"start":{"line":24,"column":18},"end":{"line":24,"column":19}},"loc":{"start":{"line":24,"column":28},"end":{"line":26,"column":5}},"line":24},"3":{"name":"(anonymous_3)","decl":{"start":{"line":34,"column":17},"end":{"line":34,"column":18}},"loc":{"start":{"line":34,"column":30},"end":{"line":54,"column":3}},"line":34},"4":{"name":"(anonymous_4)","decl":{"start":{"line":35,"column":45},"end":{"line":35,"column":46}},"loc":{"start":{"line":35,"column":64},"end":{"line":38,"column":5}},"line":35},"5":{"name":"(anonymous_5)","decl":{"start":{"line":36,"column":35},"end":{"line":36,"column":36}},"loc":{"start":{"line":36,"column":42},"end":{"line":36,"column":71}},"line":36},"6":{"name":"(anonymous_6)","decl":{"start":{"line":39,"column":47},"end":{"line":39,"column":48}},"loc":{"start":{"line":39,"column":66},"end":{"line":46,"column":5}},"line":39},"7":{"name":"(anonymous_7)","decl":{"start":{"line":40,"column":35},"end":{"line":40,"column":36}},"loc":{"start":{"line":40,"column":42},"end":{"line":40,"column":71}},"line":40},"8":{"name":"(anonymous_8)","decl":{"start":{"line":47,"column":46},"end":{"line":47,"column":47}},"loc":{"start":{"line":47,"column":65},"end":{"line":53,"column":5}},"line":47},"9":{"name":"(anonymous_9)","decl":{"start":{"line":48,"column":35},"end":{"line":48,"column":36}},"loc":{"start":{"line":48,"column":42},"end":{"line":48,"column":71}},"line":48},"10":{"name":"(anonymous_10)","decl":{"start":{"line":57,"column":27},"end":{"line":57,"column":28}},"loc":{"start":{"line":57,"column":49},"end":{"line":57,"column":65}},"line":57}},"branchMap":{"0":{"loc":{"start":{"line":37,"column":6},"end":{"line":37,"column":36}},"type":"if","locations":[{"start":{"line":37,"column":6},"end":{"line":37,"column":36}},{"start":{},"end":{}}],"line":37},"1":{"loc":{"start":{"line":41,"column":6},"end":{"line":45,"column":7}},"type":"if","locations":[{"start":{"line":41,"column":6},"end":{"line":45,"column":7}},{"start":{},"end":{}}],"line":41},"2":{"loc":{"start":{"line":49,"column":6},"end":{"line":52,"column":7}},"type":"if","locations":[{"start":{"line":49,"column":6},"end":{"line":52,"column":7}},{"start":{},"end":{}}],"line":49}},"s":{"0":3,"1":4,"2":1,"3":1,"4":3,"5":1,"6":1,"7":2,"8":3,"9":3,"10":1,"11":1,"12":1,"13":1,"14":3,"15":9,"16":13,"17":9,"18":9,"19":9,"20":9,"21":3,"22":1,"23":1,"24":1,"25":1,"26":1,"27":3,"28":2},"f":{"0":4,"1":1,"2":2,"3":3,"4":1,"5":1,"6":9,"7":13,"8":1,"9":1,"10":2},"b":{"0":[1,0],"1":[9,0],"2":[1,0]},"_coverageSchema":"1a1c01bbd47fc00a2c39e90264f33305004495a9","hash":"6426b2d06b04742ac8cfca47cf08be3bf4960ca5"}
,"/home/branca-loren/Documentos/Projects/toy-blocks-client-react/src/store/configureStore.ts": {"path":"/home/branca-loren/Documentos/Projects/toy-blocks-client-react/src/store/configureStore.ts","statementMap":{"0":{"start":{"line":6,"column":21},"end":{"line":11,"column":2}},"1":{"start":{"line":17,"column":63},"end":{"line":17,"column":74}}},"fnMap":{},"branchMap":{},"s":{"0":1,"1":1},"f":{},"b":{},"_coverageSchema":"1a1c01bbd47fc00a2c39e90264f33305004495a9","hash":"27e15bd99a617dc7a13244f33bf03e8491ffa8a5"}
,"/home/branca-loren/Documentos/Projects/toy-blocks-client-react/src/types/Block.ts": {"path":"/home/branca-loren/Documentos/Projects/toy-blocks-client-react/src/types/Block.ts","statementMap":{},"fnMap":{},"branchMap":{},"s":{},"f":{},"b":{}}
,"/home/branca-loren/Documentos/Projects/toy-blocks-client-react/src/types/Node.ts": {"path":"/home/branca-loren/Documentos/Projects/toy-blocks-client-react/src/types/Node.ts","statementMap":{},"fnMap":{},"branchMap":{},"s":{},"f":{},"b":{}}
}
