TN:
SF:src/components/Node.tsx
FN:59,(anonymous_0)
FN:65,(anonymous_1)
FN:88,(anonymous_2)
FN:94,getBlocks
FN:102,(anonymous_4)
FN:120,(anonymous_5)
FNF:6
FNH:5
FNDA:4,(anonymous_0)
FNDA:4,(anonymous_1)
FNDA:4,(anonymous_2)
FNDA:4,getBlocks
FNDA:4,(anonymous_4)
FNDA:0,(anonymous_5)
DA:24,1
DA:33,1
DA:43,1
DA:52,1
DA:59,4
DA:65,4
DA:72,1
DA:74,1
DA:81,1
DA:88,1
DA:95,4
DA:96,4
DA:97,0
DA:99,4
DA:100,4
DA:103,4
DA:113,0
DA:116,4
DA:120,0
LF:19
LH:16
BRDA:95,0,0,4
BRDA:95,0,1,0
BRDA:96,1,0,0
BRDA:96,1,1,4
BRDA:96,2,0,4
BRDA:96,2,1,4
BRDA:99,3,0,4
BRDA:99,3,1,0
BRDA:126,4,0,4
BRDA:126,4,1,0
BRF:10
BRH:6
end_of_record
TN:
SF:src/constants/colors.js
FNF:0
FNH:0
DA:1,1
LF:1
LH:1
BRF:0
BRH:0
end_of_record
TN:
SF:src/containers/Nodes.tsx
FN:10,(anonymous_0)
FN:16,(anonymous_1)
FN:21,toggleNodeExpanded
FN:37,(anonymous_3)
FNF:4
FNH:3
FNDA:3,(anonymous_0)
FNDA:1,(anonymous_1)
FNDA:0,toggleNodeExpanded
FNDA:4,(anonymous_3)
DA:10,1
DA:11,3
DA:12,2
DA:13,2
DA:14,2
DA:16,2
DA:17,1
DA:22,0
DA:24,0
DA:25,0
DA:26,0
DA:28,0
DA:29,0
DA:32,2
DA:38,4
LF:15
LH:9
BRDA:24,0,0,0
BRDA:24,0,1,0
BRF:2
BRH:0
end_of_record
TN:
SF:src/reducers/blocks.ts
FN:15,(anonymous_0)
FN:26,(anonymous_1)
FN:27,(anonymous_2)
FN:30,(anonymous_3)
FN:33,(anonymous_4)
FN:39,(anonymous_5)
FNF:6
FNH:5
FNDA:0,(anonymous_0)
FNDA:2,(anonymous_1)
FNDA:1,(anonymous_2)
FNDA:1,(anonymous_3)
FNDA:1,(anonymous_4)
FNDA:2,(anonymous_5)
DA:11,2
DA:13,2
DA:16,0
DA:17,0
DA:18,0
DA:22,2
DA:27,2
DA:28,1
DA:30,2
DA:31,1
DA:33,2
DA:34,1
DA:39,2
LF:13
LH:10
BRF:0
BRH:0
end_of_record
TN:
SF:src/reducers/initialState.ts
FN:1,(anonymous_0)
FNF:1
FNH:1
FNDA:4,(anonymous_0)
DA:1,4
LF:1
LH:1
BRF:0
BRH:0
end_of_record
TN:
SF:src/reducers/initialStateBlocks.ts
FN:1,(anonymous_0)
FNF:1
FNH:1
FNDA:3,(anonymous_0)
DA:1,3
LF:1
LH:1
BRF:0
BRH:0
end_of_record
TN:
SF:src/reducers/nodes.ts
FN:13,(anonymous_0)
FN:22,(anonymous_1)
FN:24,(anonymous_2)
FN:34,(anonymous_3)
FN:35,(anonymous_4)
FN:36,(anonymous_5)
FN:39,(anonymous_6)
FN:40,(anonymous_7)
FN:47,(anonymous_8)
FN:48,(anonymous_9)
FN:57,(anonymous_10)
FNF:11
FNH:11
FNDA:4,(anonymous_0)
FNDA:1,(anonymous_1)
FNDA:2,(anonymous_2)
FNDA:3,(anonymous_3)
FNDA:1,(anonymous_4)
FNDA:1,(anonymous_5)
FNDA:9,(anonymous_6)
FNDA:13,(anonymous_7)
FNDA:1,(anonymous_8)
FNDA:1,(anonymous_9)
FNDA:2,(anonymous_10)
DA:11,3
DA:14,4
DA:15,1
DA:16,1
DA:20,3
DA:23,1
DA:24,1
DA:25,2
DA:30,3
DA:35,3
DA:36,1
DA:37,1
DA:39,3
DA:40,13
DA:41,9
DA:42,9
DA:43,9
DA:44,9
DA:47,3
DA:48,1
DA:49,1
DA:50,1
DA:51,1
DA:57,3
LF:24
LH:24
BRDA:37,0,0,1
BRDA:37,0,1,0
BRDA:41,1,0,9
BRDA:41,1,1,0
BRDA:49,2,0,1
BRDA:49,2,1,0
BRF:6
BRH:3
end_of_record
TN:
SF:src/store/configureStore.ts
FNF:0
FNH:0
DA:6,1
DA:17,1
LF:2
LH:2
BRF:0
BRH:0
end_of_record
TN:
SF:src/types/Block.ts
FNF:0
FNH:0
LF:0
LH:0
BRF:0
BRH:0
end_of_record
TN:
SF:src/types/Node.ts
FNF:0
FNH:0
LF:0
LH:0
BRF:0
BRH:0
end_of_record
